<?xml version="1.0" encoding="UTF-8"?>
<!-- Generated by org.testng.reporters.JUnitReportReporter -->
<testsuite hostname="DESKTOP-4SS2VID" failures="0" tests="1" name="TestCases.LoginApplication" time="22.400" errors="0" timestamp="2020-10-14T21:45:53 IST" skipped="0">
  <testcase classname="TestCases.LoginApplication" name="loginApplication" time="22.400"/>
  <system-out/>
</testsuite> <!-- TestCases.LoginApplication -->
